--------------------------------- Version Log ----------------------------------
Version                                 Path
System Generator 2017.4                 C:/Xilinx/Vivado/2017.4
Matlab 9.3.0.713579 (R2017b)            C:\Program Files\MATLAB\R2017b
Vivado 2017.4                           C:/Xilinx/Vivado/2017.4
--------------------------------------------------------------------------------
Summary of Errors:
Error 0001: Undriven input port
     Block: 'proba1/system_domain/Black Box1'
Error 0002: Undriven input port
     Block: 'proba1/system_domain/Black Box10'
Error 0003: Undriven input port
     Block: 'proba1/system_domain/Black Box11'
Error 0004: Undriven input port
     Block: 'proba1/system_domain/Black Box2'
Error 0005: Undriven input port
     Block: 'proba1/system_domain/Black Box3'
Error 0006: Undriven input port
     Block: 'proba1/system_domain/Black Box4'
Error 0007: Undriven input port
     Block: 'proba1/system_domain/Black Box5'
Error 0008: Undriven input port
     Block: 'proba1/system_domain/Black Box6'
Error 0009: Undriven input port
     Block: 'proba1/system_domain/Black Box7'
Error 0010: Undriven input port
     Block: 'proba1/system_domain/Black Box8'
Error 0011: Undriven input port
     Block: 'proba1/system_domain/Black Box9'
--------------------------------------------------------------------------------

Error 0001:

Reported by:
  'proba1/system_domain/Black Box1'

Details:
The input ports on this block must be driven by other Xilinx blocks
--------------------------------------------------------------------------------

Error 0001:

Reported by:
  'proba1/system_domain/Black Box10'

Details:
The input ports on this block must be driven by other Xilinx blocks
--------------------------------------------------------------------------------

Error 0001:

Reported by:
  'proba1/system_domain/Black Box11'

Details:
The input ports on this block must be driven by other Xilinx blocks
--------------------------------------------------------------------------------

Error 0001:

Reported by:
  'proba1/system_domain/Black Box2'

Details:
The input ports on this block must be driven by other Xilinx blocks
--------------------------------------------------------------------------------

Error 0001:

Reported by:
  'proba1/system_domain/Black Box3'

Details:
The input ports on this block must be driven by other Xilinx blocks
--------------------------------------------------------------------------------

Error 0001:

Reported by:
  'proba1/system_domain/Black Box4'

Details:
The input ports on this block must be driven by other Xilinx blocks
--------------------------------------------------------------------------------

Error 0001:

Reported by:
  'proba1/system_domain/Black Box5'

Details:
The input ports on this block must be driven by other Xilinx blocks
--------------------------------------------------------------------------------

Error 0001:

Reported by:
  'proba1/system_domain/Black Box6'

Details:
The input ports on this block must be driven by other Xilinx blocks
--------------------------------------------------------------------------------

Error 0001:

Reported by:
  'proba1/system_domain/Black Box7'

Details:
The input ports on this block must be driven by other Xilinx blocks
--------------------------------------------------------------------------------

Error 0001:

Reported by:
  'proba1/system_domain/Black Box8'

Details:
The input ports on this block must be driven by other Xilinx blocks
--------------------------------------------------------------------------------

Error 0001:

Reported by:
  'proba1/system_domain/Black Box9'

Details:
The input ports on this block must be driven by other Xilinx blocks
--------------------------------------------------------------------------------
